<?xml version="1.0" encoding="utf-8"?>
<Root CoveredStatements="62" TotalStatements="62" CoveragePercent="100" ReportType="DetailedXml" DotCoverVersion="2021.2.1">
  <FileIndices>
    <File Index="1" Name="C:\Users\Mansur\Desktop\damir\Calculator\Calculator.cs" ChecksumAlgorithm="SHA256" Checksum="CA79BD6BF5BC1976C093842FF7636BD5A72115881D501949559CEF9C7EC69CCE" />
    <File Index="2" Name="C:\Users\Mansur\Desktop\damir\Calculator\Parser.cs" ChecksumAlgorithm="SHA256" Checksum="32C00228EDB34A6DA56DE0ACFDD523CB0319C7071B048C7CE1AA28E245D3B39A" />
    <File Index="3" Name="C:\Users\Mansur\Desktop\damir\Calculator\Program.cs" ChecksumAlgorithm="SHA256" Checksum="292F90FD603DE1693209583A13F6AAEB6C9790919434EBE8D83E705241D663E1" />
    <File Index="4" Name="C:\Users\Mansur\Desktop\damir\Calculator\obj\Debug\net5.0\.NETCoreApp,Version=v5.0.AssemblyAttributes.cs" ChecksumAlgorithm="SHA256" Checksum="3DAB221DDB7A8D7D050731DC8D289DF26D56F7DABEB91B3D7F96E5CB6C994C29" />
    <File Index="5" Name="C:\Users\Mansur\Desktop\damir\Calculator\obj\Debug\net5.0\Calculator.AssemblyInfo.cs" ChecksumAlgorithm="SHA256" Checksum="714BE869FD7FD8A1EBC0C5293C8FFD4A5CAC14D843587A3F9AFA85630E46CB3D" />
    <File Index="6" Name="C:\Users\Mansur\Desktop\damir\Calculator.Tests\CalculatorTests.cs" ChecksumAlgorithm="SHA256" Checksum="9314F50AC4C37DEC024882454434EBC2B0A9EB842A9C743C9C21BD435344AE4A" />
    <File Index="7" Name="C:\Users\Mansur\Desktop\damir\Calculator.Tests\MainTests.cs" ChecksumAlgorithm="SHA256" Checksum="C83A98C92F9D744211D69800BBBD9E56CBEE4F6F42D0418A91320EC01BAFE40B" />
    <File Index="8" Name="C:\Users\Mansur\Desktop\damir\Calculator.Tests\ParserTests.cs" ChecksumAlgorithm="SHA256" Checksum="EC21E139E7BD356A49E20E5EE79A50595FF3B77EEE52BE7D50BB1A8B12A3AC3D" />
    <File Index="9" Name="C:\Users\Mansur\.nuget\packages\microsoft.net.test.sdk\16.9.4\build\netcoreapp2.1\Microsoft.NET.Test.Sdk.Program.cs" ChecksumAlgorithm="SHA256" Checksum="D66F12F9433816A8C7DC1B2ACB9E1010F5418F5EEB51E80F1DF57AA1DCAB8D8A" />
    <File Index="10" Name="C:\Users\Mansur\Desktop\damir\Calculator.Tests\obj\Debug\net5.0\.NETCoreApp,Version=v5.0.AssemblyAttributes.cs" ChecksumAlgorithm="SHA256" Checksum="3DAB221DDB7A8D7D050731DC8D289DF26D56F7DABEB91B3D7F96E5CB6C994C29" />
    <File Index="11" Name="C:\Users\Mansur\Desktop\damir\Calculator.Tests\obj\Debug\net5.0\Calculator.Tests.AssemblyInfo.cs" ChecksumAlgorithm="SHA256" Checksum="EE3EF1E89ED06CF7CECF7BE1D5048456FC91BE4A383297D517F38A92E8AA1C40" />
  </FileIndices>
  <Assembly Name="Calculator" CoveredStatements="47" TotalStatements="47" CoveragePercent="100">
    <Namespace Name="Calculator" CoveredStatements="47" TotalStatements="47" CoveragePercent="100">
      <Type Name="Calculator" CoveredStatements="7" TotalStatements="7" CoveragePercent="100">
        <Method Name="Calculate(System.Int32,Calculator.Calculator.Operation,System.Int32):System.Int32" CoveredStatements="7" TotalStatements="7" CoveragePercent="100">
          <Statement FileIndex="1" Line="14" Column="9" EndLine="14" EndColumn="10" Covered="True" />
          <Statement FileIndex="1" Line="15" Column="13" EndLine="21" EndColumn="15" Covered="True" />
          <Statement FileIndex="1" Line="17" Column="35" EndLine="17" EndColumn="46" Covered="True" />
          <Statement FileIndex="1" Line="18" Column="36" EndLine="18" EndColumn="47" Covered="True" />
          <Statement FileIndex="1" Line="19" Column="39" EndLine="19" EndColumn="50" Covered="True" />
          <Statement FileIndex="1" Line="20" Column="37" EndLine="20" EndColumn="48" Covered="True" />
          <Statement FileIndex="1" Line="22" Column="9" EndLine="22" EndColumn="10" Covered="True" />
        </Method>
      </Type>
      <Type Name="Parser" CoveredStatements="29" TotalStatements="29" CoveragePercent="100">
        <Method Name="CheckArgsLenghtOrQuit(System.String[]):System.Boolean" CoveredStatements="7" TotalStatements="7" CoveragePercent="100">
          <Statement FileIndex="2" Line="41" Column="9" EndLine="41" EndColumn="10" Covered="True" />
          <Statement FileIndex="2" Line="42" Column="13" EndLine="42" EndColumn="34" Covered="True" />
          <Statement FileIndex="2" Line="43" Column="13" EndLine="43" EndColumn="14" Covered="True" />
          <Statement FileIndex="2" Line="44" Column="17" EndLine="44" EndColumn="89" Covered="True" />
          <Statement FileIndex="2" Line="45" Column="17" EndLine="45" EndColumn="29" Covered="True" />
          <Statement FileIndex="2" Line="47" Column="13" EndLine="47" EndColumn="26" Covered="True" />
          <Statement FileIndex="2" Line="48" Column="9" EndLine="48" EndColumn="10" Covered="True" />
        </Method>
        <Method Name="TryParsArgsOrQuit(System.String,System.Int32):System.Boolean" CoveredStatements="7" TotalStatements="7" CoveragePercent="100">
          <Statement FileIndex="2" Line="31" Column="9" EndLine="31" EndColumn="10" Covered="True" />
          <Statement FileIndex="2" Line="32" Column="13" EndLine="32" EndColumn="48" Covered="True" />
          <Statement FileIndex="2" Line="33" Column="13" EndLine="33" EndColumn="14" Covered="True" />
          <Statement FileIndex="2" Line="34" Column="17" EndLine="34" EndColumn="70" Covered="True" />
          <Statement FileIndex="2" Line="35" Column="17" EndLine="35" EndColumn="29" Covered="True" />
          <Statement FileIndex="2" Line="37" Column="13" EndLine="37" EndColumn="26" Covered="True" />
          <Statement FileIndex="2" Line="38" Column="9" EndLine="38" EndColumn="10" Covered="True" />
        </Method>
        <Method Name="TryParsOperatorOrQuit(System.String,Calculator.Calculator.Operation):System.Boolean" CoveredStatements="15" TotalStatements="15" CoveragePercent="100">
          <Statement FileIndex="2" Line="7" Column="9" EndLine="7" EndColumn="10" Covered="True" />
          <Statement FileIndex="2" Line="8" Column="13" EndLine="8" EndColumn="25" Covered="True" />
          <Statement FileIndex="2" Line="11" Column="21" EndLine="11" EndColumn="59" Covered="True" />
          <Statement FileIndex="2" Line="12" Column="21" EndLine="12" EndColumn="27" Covered="True" />
          <Statement FileIndex="2" Line="14" Column="21" EndLine="15" EndColumn="50" Covered="True" />
          <Statement FileIndex="2" Line="16" Column="21" EndLine="16" EndColumn="27" Covered="True" />
          <Statement FileIndex="2" Line="18" Column="21" EndLine="19" EndColumn="48" Covered="True" />
          <Statement FileIndex="2" Line="20" Column="21" EndLine="20" EndColumn="27" Covered="True" />
          <Statement FileIndex="2" Line="22" Column="21" EndLine="22" EndColumn="61" Covered="True" />
          <Statement FileIndex="2" Line="23" Column="21" EndLine="23" EndColumn="27" Covered="True" />
          <Statement FileIndex="2" Line="25" Column="21" EndLine="25" EndColumn="41" Covered="True" />
          <Statement FileIndex="2" Line="26" Column="21" EndLine="26" EndColumn="33" Covered="True" />
          <Statement FileIndex="2" Line="27" Column="14" EndLine="27" EndColumn="15" Covered="True" />
          <Statement FileIndex="2" Line="28" Column="13" EndLine="28" EndColumn="26" Covered="True" />
          <Statement FileIndex="2" Line="29" Column="9" EndLine="29" EndColumn="10" Covered="True" />
        </Method>
      </Type>
      <Type Name="Program" CoveredStatements="11" TotalStatements="11" CoveragePercent="100">
        <Method Name="Main(System.String[]):System.Int32" CoveredStatements="11" TotalStatements="11" CoveragePercent="100">
          <Statement FileIndex="3" Line="12" Column="9" EndLine="12" EndColumn="10" Covered="True" />
          <Statement FileIndex="3" Line="13" Column="13" EndLine="13" EndColumn="52" Covered="True" />
          <Statement FileIndex="3" Line="14" Column="17" EndLine="14" EndColumn="39" Covered="True" />
          <Statement FileIndex="3" Line="16" Column="13" EndLine="16" EndColumn="116" Covered="True" />
          <Statement FileIndex="3" Line="17" Column="17" EndLine="17" EndColumn="39" Covered="True" />
          <Statement FileIndex="3" Line="19" Column="13" EndLine="19" EndColumn="74" Covered="True" />
          <Statement FileIndex="3" Line="20" Column="17" EndLine="20" EndColumn="39" Covered="True" />
          <Statement FileIndex="3" Line="22" Column="13" EndLine="22" EndColumn="70" Covered="True" />
          <Statement FileIndex="3" Line="23" Column="13" EndLine="23" EndColumn="53" Covered="True" />
          <Statement FileIndex="3" Line="25" Column="13" EndLine="25" EndColumn="22" Covered="True" />
          <Statement FileIndex="3" Line="26" Column="9" EndLine="26" EndColumn="10" Covered="True" />
        </Method>
      </Type>
    </Namespace>
  </Assembly>
  <Assembly Name="Calculator.Tests" CoveredStatements="15" TotalStatements="15" CoveragePercent="100">
    <Namespace Name="Calculator.Tests" CoveredStatements="15" TotalStatements="15" CoveragePercent="100">
      <Type Name="CalculatorTests" CoveredStatements="3" TotalStatements="3" CoveragePercent="100">
        <Method Name="Calculate_Test(System.Int32,Operation,System.Int32,System.Int32):System.Void" CoveredStatements="3" TotalStatements="3" CoveragePercent="100">
          <Statement FileIndex="6" Line="26" Column="9" EndLine="26" EndColumn="10" Covered="True" />
          <Statement FileIndex="6" Line="27" Column="13" EndLine="27" EndColumn="68" Covered="True" />
          <Statement FileIndex="6" Line="28" Column="9" EndLine="28" EndColumn="10" Covered="True" />
        </Method>
      </Type>
      <Type Name="MainTests" CoveredStatements="3" TotalStatements="3" CoveragePercent="100">
        <Method Name="TryParsOperatorOrQuit_Test(System.String[],System.Int32):System.Void" CoveredStatements="3" TotalStatements="3" CoveragePercent="100">
          <Statement FileIndex="7" Line="22" Column="9" EndLine="22" EndColumn="10" Covered="True" />
          <Statement FileIndex="7" Line="23" Column="13" EndLine="23" EndColumn="46" Covered="True" />
          <Statement FileIndex="7" Line="24" Column="9" EndLine="24" EndColumn="10" Covered="True" />
        </Method>
      </Type>
      <Type Name="ParserTests" CoveredStatements="9" TotalStatements="9" CoveragePercent="100">
        <Method Name="CheckArgsLenghtOrQuit_Test(System.String[],System.Boolean):System.Void" CoveredStatements="3" TotalStatements="3" CoveragePercent="100">
          <Statement FileIndex="8" Line="43" Column="9" EndLine="43" EndColumn="10" Covered="True" />
          <Statement FileIndex="8" Line="44" Column="13" EndLine="44" EndColumn="63" Covered="True" />
          <Statement FileIndex="8" Line="45" Column="9" EndLine="45" EndColumn="10" Covered="True" />
        </Method>
        <Method Name="TryParsArgOrQuit_Test(System.String,System.Boolean):System.Void" CoveredStatements="3" TotalStatements="3" CoveragePercent="100">
          <Statement FileIndex="8" Line="31" Column="9" EndLine="31" EndColumn="10" Covered="True" />
          <Statement FileIndex="8" Line="32" Column="13" EndLine="32" EndColumn="80" Covered="True" />
          <Statement FileIndex="8" Line="33" Column="9" EndLine="33" EndColumn="10" Covered="True" />
        </Method>
        <Method Name="TryParsOperatorOrQuit_Test(System.String,System.Boolean):System.Void" CoveredStatements="3" TotalStatements="3" CoveragePercent="100">
          <Statement FileIndex="8" Line="18" Column="9" EndLine="18" EndColumn="10" Covered="True" />
          <Statement FileIndex="8" Line="19" Column="13" EndLine="19" EndColumn="86" Covered="True" />
          <Statement FileIndex="8" Line="20" Column="9" EndLine="20" EndColumn="10" Covered="True" />
        </Method>
      </Type>
    </Namespace>
  </Assembly>
</Root>